<?xml version="1.0" encoding="UTF-8"?>
<!-- Generated by org.testng.reporters.JUnitXMLReporter -->
<testsuite ignored="0" hostname="VHCOLPT-HH-13" failures="8" tests="80" name="Surefire test" time="521.196" errors="0" timestamp="2026-06-09T18:33:16 IST">
  <testcase classname="com.hubblehox.automation.tests.TicketConfigTest" name="TC_QC_01" time="11.299"/>
  <testcase classname="com.hubblehox.automation.tests.TicketConfigTest" name="TC_QC_02" time="0.823"/>
  <testcase classname="com.hubblehox.automation.tests.TicketConfigTest" name="TC_QC_03" time="10.776"/>
  <testcase classname="com.hubblehox.automation.tests.TicketConfigTest" name="TC_QC_04" time="22.748"/>
  <testcase classname="com.hubblehox.automation.tests.TicketConfigTest" name="TC_QC_05" time="0.181"/>
  <testcase classname="com.hubblehox.automation.tests.TicketConfigTest" name="TC_QC_06" time="0.078"/>
  <testcase classname="com.hubblehox.automation.tests.TicketConfigTest" name="TC_QC_07" time="0.46"/>
  <testcase classname="com.hubblehox.automation.tests.TicketConfigTest" name="TC_QC_08" time="1.495">
    <failure type="java.lang.AssertionError" message="QC_08 FAILED: Preview updates to show the starting number expected [true] but found [false]">
      <![CDATA[java.lang.AssertionError: QC_08 FAILED: Preview updates to show the starting number expected [true] but found [false]
at com.hubblehox.automation.tests.TicketConfigTest.writeResult(TicketConfigTest.java:60)
at com.hubblehox.automation.tests.TicketConfigTest.TC_QC_08(TicketConfigTest.java:146)
at java.base/java.util.ArrayList.forEach(ArrayList.java:1604)
... Removed 33 stack frames]]>
    </failure>
  </testcase> <!-- TC_QC_08 -->
  <testcase classname="com.hubblehox.automation.tests.TicketConfigTest" name="TC_QC_09" time="0.343"/>
  <testcase classname="com.hubblehox.automation.tests.TicketConfigTest" name="TC_QC_10" time="0.181"/>
  <testcase classname="com.hubblehox.automation.tests.TicketConfigTest" name="TC_QC_11" time="0.097"/>
  <testcase classname="com.hubblehox.automation.tests.TicketConfigTest" name="TC_QC_12" time="0.237"/>
  <testcase classname="com.hubblehox.automation.tests.TicketConfigTest" name="TC_QC_13" time="1.391"/>
  <testcase classname="com.hubblehox.automation.tests.TicketConfigTest" name="TC_QC_14" time="2.511"/>
  <testcase classname="com.hubblehox.automation.tests.TicketConfigTest" name="TC_QC_15" time="1.257"/>
  <testcase classname="com.hubblehox.automation.tests.TicketConfigTest" name="TC_QC_16" time="0.215"/>
  <testcase classname="com.hubblehox.automation.tests.TicketConfigTest" name="TC_QC_17" time="21.554">
    <failure type="java.lang.AssertionError" message="QC_17 FAILED: Code auto-filled:  expected [true] but found [false]">
      <![CDATA[java.lang.AssertionError: QC_17 FAILED: Code auto-filled:  expected [true] but found [false]
at com.hubblehox.automation.tests.TicketConfigTest.writeResult(TicketConfigTest.java:60)
at com.hubblehox.automation.tests.TicketConfigTest.TC_QC_17(TicketConfigTest.java:224)
at java.base/java.util.ArrayList.forEach(ArrayList.java:1604)
... Removed 33 stack frames]]>
    </failure>
  </testcase> <!-- TC_QC_17 -->
  <testcase classname="com.hubblehox.automation.tests.TicketConfigTest" name="TC_QC_18" time="0.15"/>
  <testcase classname="com.hubblehox.automation.tests.TicketConfigTest" name="TC_QC_19" time="0.23"/>
  <testcase classname="com.hubblehox.automation.tests.TicketConfigTest" name="TC_QC_20" time="20.666"/>
  <testcase classname="com.hubblehox.automation.tests.TicketConfigTest" name="TC_QC_21" time="1.259"/>
  <testcase classname="com.hubblehox.automation.tests.TicketConfigTest" name="TC_QC_22" time="0.031"/>
  <testcase classname="com.hubblehox.automation.tests.TicketConfigTest" name="TC_QC_23" time="0.048"/>
  <testcase classname="com.hubblehox.automation.tests.TicketConfigTest" name="TC_QC_24" time="0.048"/>
  <testcase classname="com.hubblehox.automation.tests.TicketConfigTest" name="TC_QC_25" time="0.044"/>
  <testcase classname="com.hubblehox.automation.tests.TicketConfigTest" name="TC_QC_26" time="20.606">
    <failure type="org.openqa.selenium.TimeoutException" message="Expected condition failed: waiting for element to be clickable: By.xpath: //button[normalize-space()=&amp;apos;Ticket Categories&amp;apos;] (tried for 20 second(s) with 500 milliseconds interval)
Build info: version: &amp;apos;4.18.1&amp;apos;, revision: &amp;apos;b1d3319b48&amp;apos;
System info: os.name: &amp;apos;Windows 11&amp;apos;, os.arch: &amp;apos;amd64&amp;apos;, os.version: &amp;apos;10.0&amp;apos;, java.version: &amp;apos;25.0.2&amp;apos;
Driver info: org.openqa.selenium.chrome.ChromeDriver
Capabilities {acceptInsecureCerts: false, browserName: chrome, browserVersion: 148.0.7778.217, chrome: {chromedriverVersion: 148.0.7778.178 (d096af1c9e9..., userDataDir: C:\Users\NIKHIL~1.CHA\AppDa...}, fedcm:accounts: true, goog:chromeOptions: {debuggerAddress: localhost:59604}, goog:processID: 30220, networkConnectionEnabled: false, pageLoadStrategy: normal, platformName: windows, proxy: Proxy(), se:cdp: ws://localhost:59604/devtoo..., se:cdpVersion: 148.0.7778.217, setWindowRect: true, strictFileInteractability: false, timeouts: {implicit: 0, pageLoad: 300000, script: 30000}, unhandledPromptBehavior: dismiss and notify, webauthn:extension:credBlob: true, webauthn:extension:largeBlob: true, webauthn:extension:minPinLength: true, webauthn:extension:prf: true, webauthn:virtualAuthenticators: true}
Session ID: afcc90e78edff6c1fd855097548ff004">
      <![CDATA[org.openqa.selenium.TimeoutException: Expected condition failed: waiting for element to be clickable: By.xpath: //button[normalize-space()='Ticket Categories'] (tried for 20 second(s) with 500 milliseconds interval)
Build info: version: '4.18.1', revision: 'b1d3319b48'
System info: os.name: 'Windows 11', os.arch: 'amd64', os.version: '10.0', java.version: '25.0.2'
Driver info: org.openqa.selenium.chrome.ChromeDriver
Capabilities {acceptInsecureCerts: false, browserName: chrome, browserVersion: 148.0.7778.217, chrome: {chromedriverVersion: 148.0.7778.178 (d096af1c9e9..., userDataDir: C:\Users\NIKHIL~1.CHA\AppDa...}, fedcm:accounts: true, goog:chromeOptions: {debuggerAddress: localhost:59604}, goog:processID: 30220, networkConnectionEnabled: false, pageLoadStrategy: normal, platformName: windows, proxy: Proxy(), se:cdp: ws://localhost:59604/devtoo..., se:cdpVersion: 148.0.7778.217, setWindowRect: true, strictFileInteractability: false, timeouts: {implicit: 0, pageLoad: 300000, script: 30000}, unhandledPromptBehavior: dismiss and notify, webauthn:extension:credBlob: true, webauthn:extension:largeBlob: true, webauthn:extension:minPinLength: true, webauthn:extension:prf: true, webauthn:virtualAuthenticators: true}
Session ID: afcc90e78edff6c1fd855097548ff004
at org.openqa.selenium.support.ui.WebDriverWait.timeoutException(WebDriverWait.java:84)
at org.openqa.selenium.support.ui.FluentWait.until(FluentWait.java:228)
at com.hubblehox.automation.pages.TicketConfigPage.clickTab(TicketConfigPage.java:130)
at com.hubblehox.automation.tests.TicketConfigTest.TC_QC_26(TicketConfigTest.java:288)
at java.base/java.util.ArrayList.forEach(ArrayList.java:1604)
... Removed 30 stack frames]]>
    </failure>
  </testcase> <!-- TC_QC_26 -->
  <testcase classname="com.hubblehox.automation.tests.TicketConfigTest" name="TC_QC_27" time="20.573">
    <failure type="org.openqa.selenium.TimeoutException" message="Expected condition failed: waiting for element to be clickable: By.xpath: //button[contains(normalize-space(),&amp;apos;Add Category&amp;apos;)] (tried for 20 second(s) with 500 milliseconds interval)
Build info: version: &amp;apos;4.18.1&amp;apos;, revision: &amp;apos;b1d3319b48&amp;apos;
System info: os.name: &amp;apos;Windows 11&amp;apos;, os.arch: &amp;apos;amd64&amp;apos;, os.version: &amp;apos;10.0&amp;apos;, java.version: &amp;apos;25.0.2&amp;apos;
Driver info: org.openqa.selenium.chrome.ChromeDriver
Capabilities {acceptInsecureCerts: false, browserName: chrome, browserVersion: 148.0.7778.217, chrome: {chromedriverVersion: 148.0.7778.178 (d096af1c9e9..., userDataDir: C:\Users\NIKHIL~1.CHA\AppDa...}, fedcm:accounts: true, goog:chromeOptions: {debuggerAddress: localhost:59604}, goog:processID: 30220, networkConnectionEnabled: false, pageLoadStrategy: normal, platformName: windows, proxy: Proxy(), se:cdp: ws://localhost:59604/devtoo..., se:cdpVersion: 148.0.7778.217, setWindowRect: true, strictFileInteractability: false, timeouts: {implicit: 0, pageLoad: 300000, script: 30000}, unhandledPromptBehavior: dismiss and notify, webauthn:extension:credBlob: true, webauthn:extension:largeBlob: true, webauthn:extension:minPinLength: true, webauthn:extension:prf: true, webauthn:virtualAuthenticators: true}
Session ID: afcc90e78edff6c1fd855097548ff004">
      <![CDATA[org.openqa.selenium.TimeoutException: Expected condition failed: waiting for element to be clickable: By.xpath: //button[contains(normalize-space(),'Add Category')] (tried for 20 second(s) with 500 milliseconds interval)
Build info: version: '4.18.1', revision: 'b1d3319b48'
System info: os.name: 'Windows 11', os.arch: 'amd64', os.version: '10.0', java.version: '25.0.2'
Driver info: org.openqa.selenium.chrome.ChromeDriver
Capabilities {acceptInsecureCerts: false, browserName: chrome, browserVersion: 148.0.7778.217, chrome: {chromedriverVersion: 148.0.7778.178 (d096af1c9e9..., userDataDir: C:\Users\NIKHIL~1.CHA\AppDa...}, fedcm:accounts: true, goog:chromeOptions: {debuggerAddress: localhost:59604}, goog:processID: 30220, networkConnectionEnabled: false, pageLoadStrategy: normal, platformName: windows, proxy: Proxy(), se:cdp: ws://localhost:59604/devtoo..., se:cdpVersion: 148.0.7778.217, setWindowRect: true, strictFileInteractability: false, timeouts: {implicit: 0, pageLoad: 300000, script: 30000}, unhandledPromptBehavior: dismiss and notify, webauthn:extension:credBlob: true, webauthn:extension:largeBlob: true, webauthn:extension:minPinLength: true, webauthn:extension:prf: true, webauthn:virtualAuthenticators: true}
Session ID: afcc90e78edff6c1fd855097548ff004
at org.openqa.selenium.support.ui.WebDriverWait.timeoutException(WebDriverWait.java:84)
at org.openqa.selenium.support.ui.FluentWait.until(FluentWait.java:228)
at com.hubblehox.automation.pages.TicketConfigPage.clickAddCategory(TicketConfigPage.java:233)
at com.hubblehox.automation.tests.TicketConfigTest.TC_QC_27(TicketConfigTest.java:295)
at java.base/java.util.ArrayList.forEach(ArrayList.java:1604)
... Removed 30 stack frames]]>
    </failure>
  </testcase> <!-- TC_QC_27 -->
  <testcase classname="com.hubblehox.automation.tests.TicketConfigTest" name="TC_QC_28" time="20.57">
    <failure type="org.openqa.selenium.TimeoutException" message="Expected condition failed: waiting for visibility of element located by By.xpath: //label[contains(normalize-space(),&amp;apos;Name *&amp;apos;)]/following::input[1] (tried for 20 second(s) with 500 milliseconds interval)
Build info: version: &amp;apos;4.18.1&amp;apos;, revision: &amp;apos;b1d3319b48&amp;apos;
System info: os.name: &amp;apos;Windows 11&amp;apos;, os.arch: &amp;apos;amd64&amp;apos;, os.version: &amp;apos;10.0&amp;apos;, java.version: &amp;apos;25.0.2&amp;apos;
Driver info: org.openqa.selenium.chrome.ChromeDriver
Capabilities {acceptInsecureCerts: false, browserName: chrome, browserVersion: 148.0.7778.217, chrome: {chromedriverVersion: 148.0.7778.178 (d096af1c9e9..., userDataDir: C:\Users\NIKHIL~1.CHA\AppDa...}, fedcm:accounts: true, goog:chromeOptions: {debuggerAddress: localhost:59604}, goog:processID: 30220, networkConnectionEnabled: false, pageLoadStrategy: normal, platformName: windows, proxy: Proxy(), se:cdp: ws://localhost:59604/devtoo..., se:cdpVersion: 148.0.7778.217, setWindowRect: true, strictFileInteractability: false, timeouts: {implicit: 0, pageLoad: 300000, script: 30000}, unhandledPromptBehavior: dismiss and notify, webauthn:extension:credBlob: true, webauthn:extension:largeBlob: true, webauthn:extension:minPinLength: true, webauthn:extension:prf: true, webauthn:virtualAuthenticators: true}
Session ID: afcc90e78edff6c1fd855097548ff004">
      <![CDATA[org.openqa.selenium.TimeoutException: Expected condition failed: waiting for visibility of element located by By.xpath: //label[contains(normalize-space(),'Name *')]/following::input[1] (tried for 20 second(s) with 500 milliseconds interval)
Build info: version: '4.18.1', revision: 'b1d3319b48'
System info: os.name: 'Windows 11', os.arch: 'amd64', os.version: '10.0', java.version: '25.0.2'
Driver info: org.openqa.selenium.chrome.ChromeDriver
Capabilities {acceptInsecureCerts: false, browserName: chrome, browserVersion: 148.0.7778.217, chrome: {chromedriverVersion: 148.0.7778.178 (d096af1c9e9..., userDataDir: C:\Users\NIKHIL~1.CHA\AppDa...}, fedcm:accounts: true, goog:chromeOptions: {debuggerAddress: localhost:59604}, goog:processID: 30220, networkConnectionEnabled: false, pageLoadStrategy: normal, platformName: windows, proxy: Proxy(), se:cdp: ws://localhost:59604/devtoo..., se:cdpVersion: 148.0.7778.217, setWindowRect: true, strictFileInteractability: false, timeouts: {implicit: 0, pageLoad: 300000, script: 30000}, unhandledPromptBehavior: dismiss and notify, webauthn:extension:credBlob: true, webauthn:extension:largeBlob: true, webauthn:extension:minPinLength: true, webauthn:extension:prf: true, webauthn:virtualAuthenticators: true}
Session ID: afcc90e78edff6c1fd855097548ff004
at org.openqa.selenium.support.ui.WebDriverWait.timeoutException(WebDriverWait.java:84)
at org.openqa.selenium.support.ui.FluentWait.until(FluentWait.java:228)
at com.hubblehox.automation.pages.TicketConfigPage.enterCategoryName(TicketConfigPage.java:240)
at com.hubblehox.automation.tests.TicketConfigTest.TC_QC_28(TicketConfigTest.java:302)
at java.base/java.util.ArrayList.forEach(ArrayList.java:1604)
... Removed 30 stack frames]]>
    </failure>
  </testcase> <!-- TC_QC_28 -->
  <testcase classname="com.hubblehox.automation.tests.TicketConfigTest" name="TC_QC_29" time="20.569">
    <failure type="org.openqa.selenium.TimeoutException" message="Expected condition failed: waiting for visibility of element located by By.xpath: //label[contains(normalize-space(),&amp;apos;Description&amp;apos;)]/following::textarea[1] (tried for 20 second(s) with 500 milliseconds interval)
Build info: version: &amp;apos;4.18.1&amp;apos;, revision: &amp;apos;b1d3319b48&amp;apos;
System info: os.name: &amp;apos;Windows 11&amp;apos;, os.arch: &amp;apos;amd64&amp;apos;, os.version: &amp;apos;10.0&amp;apos;, java.version: &amp;apos;25.0.2&amp;apos;
Driver info: org.openqa.selenium.chrome.ChromeDriver
Capabilities {acceptInsecureCerts: false, browserName: chrome, browserVersion: 148.0.7778.217, chrome: {chromedriverVersion: 148.0.7778.178 (d096af1c9e9..., userDataDir: C:\Users\NIKHIL~1.CHA\AppDa...}, fedcm:accounts: true, goog:chromeOptions: {debuggerAddress: localhost:59604}, goog:processID: 30220, networkConnectionEnabled: false, pageLoadStrategy: normal, platformName: windows, proxy: Proxy(), se:cdp: ws://localhost:59604/devtoo..., se:cdpVersion: 148.0.7778.217, setWindowRect: true, strictFileInteractability: false, timeouts: {implicit: 0, pageLoad: 300000, script: 30000}, unhandledPromptBehavior: dismiss and notify, webauthn:extension:credBlob: true, webauthn:extension:largeBlob: true, webauthn:extension:minPinLength: true, webauthn:extension:prf: true, webauthn:virtualAuthenticators: true}
Session ID: afcc90e78edff6c1fd855097548ff004">
      <![CDATA[org.openqa.selenium.TimeoutException: Expected condition failed: waiting for visibility of element located by By.xpath: //label[contains(normalize-space(),'Description')]/following::textarea[1] (tried for 20 second(s) with 500 milliseconds interval)
Build info: version: '4.18.1', revision: 'b1d3319b48'
System info: os.name: 'Windows 11', os.arch: 'amd64', os.version: '10.0', java.version: '25.0.2'
Driver info: org.openqa.selenium.chrome.ChromeDriver
Capabilities {acceptInsecureCerts: false, browserName: chrome, browserVersion: 148.0.7778.217, chrome: {chromedriverVersion: 148.0.7778.178 (d096af1c9e9..., userDataDir: C:\Users\NIKHIL~1.CHA\AppDa...}, fedcm:accounts: true, goog:chromeOptions: {debuggerAddress: localhost:59604}, goog:processID: 30220, networkConnectionEnabled: false, pageLoadStrategy: normal, platformName: windows, proxy: Proxy(), se:cdp: ws://localhost:59604/devtoo..., se:cdpVersion: 148.0.7778.217, setWindowRect: true, strictFileInteractability: false, timeouts: {implicit: 0, pageLoad: 300000, script: 30000}, unhandledPromptBehavior: dismiss and notify, webauthn:extension:credBlob: true, webauthn:extension:largeBlob: true, webauthn:extension:minPinLength: true, webauthn:extension:prf: true, webauthn:virtualAuthenticators: true}
Session ID: afcc90e78edff6c1fd855097548ff004
at org.openqa.selenium.support.ui.WebDriverWait.timeoutException(WebDriverWait.java:84)
at org.openqa.selenium.support.ui.FluentWait.until(FluentWait.java:228)
at com.hubblehox.automation.pages.TicketConfigPage.enterCategoryDescription(TicketConfigPage.java:250)
at com.hubblehox.automation.tests.TicketConfigTest.TC_QC_29(TicketConfigTest.java:310)
at java.base/java.util.ArrayList.forEach(ArrayList.java:1604)
... Removed 30 stack frames]]>
    </failure>
  </testcase> <!-- TC_QC_29 -->
  <testcase classname="com.hubblehox.automation.tests.TicketConfigTest" name="TC_QC_30" time="20.675"/>
  <testcase classname="com.hubblehox.automation.tests.TicketConfigTest" name="TC_QC_31" time="41.222">
    <failure type="org.openqa.selenium.TimeoutException" message="Expected condition failed: waiting for element to be clickable: By.xpath: //button[normalize-space()=&amp;apos;Save&amp;apos;] (tried for 20 second(s) with 500 milliseconds interval)
Build info: version: &amp;apos;4.18.1&amp;apos;, revision: &amp;apos;b1d3319b48&amp;apos;
System info: os.name: &amp;apos;Windows 11&amp;apos;, os.arch: &amp;apos;amd64&amp;apos;, os.version: &amp;apos;10.0&amp;apos;, java.version: &amp;apos;25.0.2&amp;apos;
Driver info: org.openqa.selenium.chrome.ChromeDriver
Capabilities {acceptInsecureCerts: false, browserName: chrome, browserVersion: 148.0.7778.217, chrome: {chromedriverVersion: 148.0.7778.178 (d096af1c9e9..., userDataDir: C:\Users\NIKHIL~1.CHA\AppDa...}, fedcm:accounts: true, goog:chromeOptions: {debuggerAddress: localhost:59604}, goog:processID: 30220, networkConnectionEnabled: false, pageLoadStrategy: normal, platformName: windows, proxy: Proxy(), se:cdp: ws://localhost:59604/devtoo..., se:cdpVersion: 148.0.7778.217, setWindowRect: true, strictFileInteractability: false, timeouts: {implicit: 0, pageLoad: 300000, script: 30000}, unhandledPromptBehavior: dismiss and notify, webauthn:extension:credBlob: true, webauthn:extension:largeBlob: true, webauthn:extension:minPinLength: true, webauthn:extension:prf: true, webauthn:virtualAuthenticators: true}
Session ID: afcc90e78edff6c1fd855097548ff004">
      <![CDATA[org.openqa.selenium.TimeoutException: Expected condition failed: waiting for element to be clickable: By.xpath: //button[normalize-space()='Save'] (tried for 20 second(s) with 500 milliseconds interval)
Build info: version: '4.18.1', revision: 'b1d3319b48'
System info: os.name: 'Windows 11', os.arch: 'amd64', os.version: '10.0', java.version: '25.0.2'
Driver info: org.openqa.selenium.chrome.ChromeDriver
Capabilities {acceptInsecureCerts: false, browserName: chrome, browserVersion: 148.0.7778.217, chrome: {chromedriverVersion: 148.0.7778.178 (d096af1c9e9..., userDataDir: C:\Users\NIKHIL~1.CHA\AppDa...}, fedcm:accounts: true, goog:chromeOptions: {debuggerAddress: localhost:59604}, goog:processID: 30220, networkConnectionEnabled: false, pageLoadStrategy: normal, platformName: windows, proxy: Proxy(), se:cdp: ws://localhost:59604/devtoo..., se:cdpVersion: 148.0.7778.217, setWindowRect: true, strictFileInteractability: false, timeouts: {implicit: 0, pageLoad: 300000, script: 30000}, unhandledPromptBehavior: dismiss and notify, webauthn:extension:credBlob: true, webauthn:extension:largeBlob: true, webauthn:extension:minPinLength: true, webauthn:extension:prf: true, webauthn:virtualAuthenticators: true}
Session ID: afcc90e78edff6c1fd855097548ff004
at org.openqa.selenium.support.ui.WebDriverWait.timeoutException(WebDriverWait.java:84)
at org.openqa.selenium.support.ui.FluentWait.until(FluentWait.java:228)
at com.hubblehox.automation.pages.TicketConfigPage.clickModalSave(TicketConfigPage.java:225)
at com.hubblehox.automation.tests.TicketConfigTest.TC_QC_31(TicketConfigTest.java:325)
at java.base/java.util.ArrayList.forEach(ArrayList.java:1604)
... Removed 30 stack frames]]>
    </failure>
  </testcase> <!-- TC_QC_31 -->
  <testcase classname="com.hubblehox.automation.tests.TicketConfigTest" name="TC_QC_32" time="0.09"/>
  <testcase classname="com.hubblehox.automation.tests.TicketConfigTest" name="TC_QC_33" time="0.127"/>
  <testcase classname="com.hubblehox.automation.tests.TicketConfigTest" name="TC_QC_34" time="0.088"/>
  <testcase classname="com.hubblehox.automation.tests.TicketConfigTest" name="TC_QC_35" time="0.072"/>
  <testcase classname="com.hubblehox.automation.tests.TicketConfigTest" name="TC_QC_36" time="1.217"/>
  <testcase classname="com.hubblehox.automation.tests.TicketConfigTest" name="TC_QC_37" time="20.682">
    <failure type="org.openqa.selenium.TimeoutException" message="Expected condition failed: waiting for element to be clickable: By.xpath: //button[contains(normalize-space(),&amp;apos;+ Add Field&amp;apos;)] (tried for 20 second(s) with 500 milliseconds interval)
Build info: version: &amp;apos;4.18.1&amp;apos;, revision: &amp;apos;b1d3319b48&amp;apos;
System info: os.name: &amp;apos;Windows 11&amp;apos;, os.arch: &amp;apos;amd64&amp;apos;, os.version: &amp;apos;10.0&amp;apos;, java.version: &amp;apos;25.0.2&amp;apos;
Driver info: org.openqa.selenium.chrome.ChromeDriver
Capabilities {acceptInsecureCerts: false, browserName: chrome, browserVersion: 148.0.7778.217, chrome: {chromedriverVersion: 148.0.7778.178 (d096af1c9e9..., userDataDir: C:\Users\NIKHIL~1.CHA\AppDa...}, fedcm:accounts: true, goog:chromeOptions: {debuggerAddress: localhost:59604}, goog:processID: 30220, networkConnectionEnabled: false, pageLoadStrategy: normal, platformName: windows, proxy: Proxy(), se:cdp: ws://localhost:59604/devtoo..., se:cdpVersion: 148.0.7778.217, setWindowRect: true, strictFileInteractability: false, timeouts: {implicit: 0, pageLoad: 300000, script: 30000}, unhandledPromptBehavior: dismiss and notify, webauthn:extension:credBlob: true, webauthn:extension:largeBlob: true, webauthn:extension:minPinLength: true, webauthn:extension:prf: true, webauthn:virtualAuthenticators: true}
Session ID: afcc90e78edff6c1fd855097548ff004">
      <![CDATA[org.openqa.selenium.TimeoutException: Expected condition failed: waiting for element to be clickable: By.xpath: //button[contains(normalize-space(),'+ Add Field')] (tried for 20 second(s) with 500 milliseconds interval)
Build info: version: '4.18.1', revision: 'b1d3319b48'
System info: os.name: 'Windows 11', os.arch: 'amd64', os.version: '10.0', java.version: '25.0.2'
Driver info: org.openqa.selenium.chrome.ChromeDriver
Capabilities {acceptInsecureCerts: false, browserName: chrome, browserVersion: 148.0.7778.217, chrome: {chromedriverVersion: 148.0.7778.178 (d096af1c9e9..., userDataDir: C:\Users\NIKHIL~1.CHA\AppDa...}, fedcm:accounts: true, goog:chromeOptions: {debuggerAddress: localhost:59604}, goog:processID: 30220, networkConnectionEnabled: false, pageLoadStrategy: normal, platformName: windows, proxy: Proxy(), se:cdp: ws://localhost:59604/devtoo..., se:cdpVersion: 148.0.7778.217, setWindowRect: true, strictFileInteractability: false, timeouts: {implicit: 0, pageLoad: 300000, script: 30000}, unhandledPromptBehavior: dismiss and notify, webauthn:extension:credBlob: true, webauthn:extension:largeBlob: true, webauthn:extension:minPinLength: true, webauthn:extension:prf: true, webauthn:virtualAuthenticators: true}
Session ID: afcc90e78edff6c1fd855097548ff004
at org.openqa.selenium.support.ui.WebDriverWait.timeoutException(WebDriverWait.java:84)
at org.openqa.selenium.support.ui.FluentWait.until(FluentWait.java:228)
at com.hubblehox.automation.pages.TicketConfigPage.clickAddField(TicketConfigPage.java:261)
at com.hubblehox.automation.tests.TicketConfigTest.TC_QC_37(TicketConfigTest.java:367)
at java.base/java.util.ArrayList.forEach(ArrayList.java:1604)
... Removed 30 stack frames]]>
    </failure>
  </testcase> <!-- TC_QC_37 -->
  <testcase classname="com.hubblehox.automation.tests.TicketConfigTest" name="TC_QC_38" time="10.126"/>
  <testcase classname="com.hubblehox.automation.tests.TicketConfigTest" name="TC_QC_39" time="10.129"/>
  <testcase classname="com.hubblehox.automation.tests.TicketConfigTest" name="TC_QC_40" time="10.09"/>
  <testcase classname="com.hubblehox.automation.tests.TicketConfigTest" name="TC_QC_41" time="10.109"/>
  <testcase classname="com.hubblehox.automation.tests.TicketConfigTest" name="TC_QC_42" time="10.106"/>
  <testcase classname="com.hubblehox.automation.tests.TicketConfigTest" name="TC_QC_43" time="10.134"/>
  <testcase classname="com.hubblehox.automation.tests.TicketConfigTest" name="TC_QC_44" time="0.06"/>
  <testcase classname="com.hubblehox.automation.tests.TicketConfigTest" name="TC_QC_45" time="0.065"/>
  <testcase classname="com.hubblehox.automation.tests.TicketConfigTest" name="TC_QC_46" time="0.087"/>
  <testcase classname="com.hubblehox.automation.tests.TicketConfigTest" name="TC_QC_47" time="1.533"/>
  <testcase classname="com.hubblehox.automation.tests.TicketConfigTest" name="TC_QC_48" time="0.05"/>
  <testcase classname="com.hubblehox.automation.tests.TicketConfigTest" name="TC_QC_49" time="1.328"/>
  <testcase classname="com.hubblehox.automation.tests.TicketConfigTest" name="TC_QC_50" time="10.096"/>
  <testcase classname="com.hubblehox.automation.tests.TicketConfigTest" name="TC_QC_51" time="10.159"/>
  <testcase classname="com.hubblehox.automation.tests.TicketConfigTest" name="TC_QC_52" time="20.721"/>
  <testcase classname="com.hubblehox.automation.tests.TicketConfigTest" name="TC_QC_53" time="20.63"/>
  <testcase classname="com.hubblehox.automation.tests.TicketConfigTest" name="TC_QC_54" time="0.129"/>
  <testcase classname="com.hubblehox.automation.tests.TicketConfigTest" name="TC_QC_55" time="1.501"/>
  <testcase classname="com.hubblehox.automation.tests.TicketConfigTest" name="TC_QC_56" time="0.051"/>
  <testcase classname="com.hubblehox.automation.tests.TicketConfigTest" name="TC_QC_57" time="0.084"/>
  <testcase classname="com.hubblehox.automation.tests.TicketConfigTest" name="TC_QC_58" time="0.065"/>
  <testcase classname="com.hubblehox.automation.tests.TicketConfigTest" name="TC_QC_59" time="0.047"/>
  <testcase classname="com.hubblehox.automation.tests.TicketConfigTest" name="TC_QC_60" time="0.056"/>
  <testcase classname="com.hubblehox.automation.tests.TicketConfigTest" name="TC_QC_61" time="0.057"/>
  <testcase classname="com.hubblehox.automation.tests.TicketConfigTest" name="TC_QC_62" time="0.13"/>
  <testcase classname="com.hubblehox.automation.tests.TicketConfigTest" name="TC_QC_63" time="0.08"/>
  <testcase classname="com.hubblehox.automation.tests.TicketConfigTest" name="TC_QC_64" time="0.048"/>
  <testcase classname="com.hubblehox.automation.tests.TicketConfigTest" name="TC_QC_65" time="0.088"/>
  <testcase classname="com.hubblehox.automation.tests.TicketConfigTest" name="TC_QC_66" time="0.05"/>
  <testcase classname="com.hubblehox.automation.tests.TicketConfigTest" name="TC_QC_67" time="0.064"/>
  <testcase classname="com.hubblehox.automation.tests.TicketConfigTest" name="TC_QC_68" time="0.048"/>
  <testcase classname="com.hubblehox.automation.tests.TicketConfigTest" name="TC_QC_69" time="0.059"/>
  <testcase classname="com.hubblehox.automation.tests.TicketConfigTest" name="TC_QC_70" time="0.06"/>
  <testcase classname="com.hubblehox.automation.tests.TicketConfigTest" name="TC_QC_71" time="0.086"/>
  <testcase classname="com.hubblehox.automation.tests.TicketConfigTest" name="TC_QC_72" time="0.05"/>
  <testcase classname="com.hubblehox.automation.tests.TicketConfigTest" name="TC_QC_73" time="0.059"/>
  <testcase classname="com.hubblehox.automation.tests.TicketConfigTest" name="TC_QC_74" time="0.064"/>
  <testcase classname="com.hubblehox.automation.tests.TicketConfigTest" name="TC_QC_75" time="0.235"/>
  <testcase classname="com.hubblehox.automation.tests.TicketConfigTest" name="TC_QC_76" time="0.053"/>
  <testcase classname="com.hubblehox.automation.tests.TicketConfigTest" name="TC_QC_77" time="0.065"/>
  <testcase classname="com.hubblehox.automation.tests.TicketConfigTest" name="TC_QC_78" time="0.087"/>
  <testcase classname="com.hubblehox.automation.tests.TicketConfigTest" name="TC_QC_79" time="0.067"/>
  <testcase classname="com.hubblehox.automation.tests.TicketConfigTest" name="TC_QC_80" time="0.241"/>
</testsuite> <!-- Surefire test -->
